<?xml version="1.0" encoding="utf-8"?>
<test-run id="2" testcasecount="339" result="Failed(Child)" total="339" passed="331" failed="8" inconclusive="0" skipped="0" asserts="0" engine-version="3.5.0.0" clr-version="4.0.30319.42000" start-time="2025-09-05 06:28:24Z" end-time="2025-09-05 06:28:25Z" duration="0.5249252">
  <test-suite type="TestSuite" id="1365" name="Arcade Ascension" fullname="Arcade Ascension" runstate="Runnable" testcasecount="339" result="Failed" site="Child" start-time="2025-09-05 06:28:24Z" end-time="2025-09-05 06:28:25Z" duration="0.524925" total="339" passed="331" failed="8" inconclusive="0" skipped="0" asserts="0">
    <properties>
      <property name="platform" value="EditMode" />
    </properties>
    <failure>
      <message><![CDATA[One or more child tests had errors]]></message>
    </failure>
    <test-suite type="Assembly" id="1359" name="Tests.dll" fullname="/home/fave/Arcade Ascension/Library/ScriptAssemblies/Tests.dll" runstate="Runnable" testcasecount="339" result="Failed" site="Child" start-time="2025-09-05 06:28:24Z" end-time="2025-09-05 06:28:25Z" duration="0.518543" total="339" passed="331" failed="8" inconclusive="0" skipped="0" asserts="0">
      <properties>
        <property name="_PID" value="5913" />
        <property name="_APPDOMAIN" value="Unity Child Domain" />
        <property name="platform" value="EditMode" />
        <property name="EditorOnly" value="True" />
      </properties>
      <failure>
        <message><![CDATA[One or more child tests had errors]]></message>
      </failure>
      <test-suite type="TestFixture" id="1001" name="BallTests" fullname="BallTests" classname="BallTests" runstate="Runnable" testcasecount="21" result="Passed" start-time="2025-09-05 06:28:24Z" end-time="2025-09-05 06:28:24Z" duration="0.005950" total="21" passed="21" failed="0" inconclusive="0" skipped="0" asserts="0">
        <properties />
        <test-case id="1013" name="Ball_AttachedBallDoesNotMove" fullname="BallTests.Ball_AttachedBallDoesNotMove" methodname="Ball_AttachedBallDoesNotMove" classname="BallTests" runstate="Runnable" seed="1484468" result="Passed" start-time="2025-09-05 06:28:24Z" end-time="2025-09-05 06:28:24Z" duration="0.000185" asserts="0">
          <properties>
            <property name="retryIteration" value="0" />
            <property name="repeatIteration" value="0" />
          </properties>
        </test-case>
        <test-case id="1016" name="Ball_AttachedStatePreventsBallLaunch" fullname="BallTests.Ball_AttachedStatePreventsBallLaunch" methodname="Ball_AttachedStatePreventsBallLaunch" classname="BallTests" runstate="Runnable" seed="700349823" result="Passed" start-time="2025-09-05 06:28:24Z" end-time="2025-09-05 06:28:24Z" duration="0.000115" asserts="0">
          <properties>
            <property name="retryIteration" value="0" />
            <property name="repeatIteration" value="0" />
          </properties>
        </test-case>
        <test-case id="1021" name="Ball_BounceOffPaddleChangesDirection" fullname="BallTests.Ball_BounceOffPaddleChangesDirection" methodname="Ball_BounceOffPaddleChangesDirection" classname="BallTests" runstate="Runnable" seed="334515359" result="Passed" start-time="2025-09-05 06:28:24Z" end-time="2025-09-05 06:28:24Z" duration="0.000170" asserts="0">
          <properties>
            <property name="retryIteration" value="0" />
            <property name="repeatIteration" value="0" />
          </properties>
        </test-case>
        <test-case id="1012" name="Ball_CanBeAttachedToPaddle" fullname="BallTests.Ball_CanBeAttachedToPaddle" methodname="Ball_CanBeAttachedToPaddle" classname="BallTests" runstate="Runnable" seed="429471841" result="Passed" start-time="2025-09-05 06:28:24Z" end-time="2025-09-05 06:28:24Z" duration="0.000094" asserts="0">
          <properties>
            <property name="retryIteration" value="0" />
            <property name="repeatIteration" value="0" />
          </properties>
        </test-case>
        <test-case id="1014" name="Ball_CanBeLaunchedFromPaddle" fullname="BallTests.Ball_CanBeLaunchedFromPaddle" methodname="Ball_CanBeLaunchedFromPaddle" classname="BallTests" runstate="Runnable" seed="590275763" result="Passed" start-time="2025-09-05 06:28:24Z" end-time="2025-09-05 06:28:24Z" duration="0.000133" asserts="0">
          <properties>
            <property name="retryIteration" value="0" />
            <property name="repeatIteration" value="0" />
          </properties>
        </test-case>
        <test-case id="1020" name="Ball_CanDetectPaddleCollisions" fullname="BallTests.Ball_CanDetectPaddleCollisions" methodname="Ball_CanDetectPaddleCollisions" classname="BallTests" runstate="Runnable" seed="878467425" result="Passed" start-time="2025-09-05 06:28:24Z" end-time="2025-09-05 06:28:24Z" duration="0.000138" asserts="0">
          <properties>
            <property name="retryIteration" value="0" />
            <property name="repeatIteration" value="0" />
          </properties>
        </test-case>
        <test-case id="1008" name="Ball_CanDetectWallCollisions" fullname="BallTests.Ball_CanDetectWallCollisions" methodname="Ball_CanDetectWallCollisions" classname="BallTests" runstate="Runnable" seed="608677447" result="Passed" start-time="2025-09-05 06:28:24Z" end-time="2025-09-05 06:28:24Z" duration="0.000124" asserts="0">
          <properties>
            <property name="retryIteration" value="0" />
            <property name="repeatIteration" value="0" />
          </properties>
        </test-case>
        <test-case id="1003" name="Ball_CanInitializeAndLaunchProperly" fullname="BallTests.Ball_CanInitializeAndLaunchProperly" methodname="Ball_CanInitializeAndLaunchProperly" classname="BallTests" runstate="Runnable" seed="980284600" result="Passed" start-time="2025-09-05 06:28:24Z" end-time="2025-09-05 06:28:24Z" duration="0.000113" asserts="0">
          <properties>
            <property name="retryIteration" value="0" />
            <property name="repeatIteration" value="0" />
          </properties>
        </test-case>
        <test-case id="1018" name="Ball_CannotLaunchFromPaddleWhenNotAttached" fullname="BallTests.Ball_CannotLaunchFromPaddleWhenNotAttached" methodname="Ball_CannotLaunchFromPaddleWhenNotAttached" classname="BallTests" runstate="Runnable" seed="870192880" result="Passed" start-time="2025-09-05 06:28:24Z" end-time="2025-09-05 06:28:24Z" duration="0.000100" asserts="0">
          <properties>
            <property name="retryIteration" value="0" />
            <property name="repeatIteration" value="0" />
          </properties>
        </test-case>
        <test-case id="1017" name="Ball_DetachedStateAllowsBallLaunch" fullname="BallTests.Ball_DetachedStateAllowsBallLaunch" methodname="Ball_DetachedStateAllowsBallLaunch" classname="BallTests" runstate="Runnable" seed="1855779540" result="Passed" start-time="2025-09-05 06:28:24Z" end-time="2025-09-05 06:28:24Z" duration="0.000103" asserts="0">
          <properties>
            <property name="retryIteration" value="0" />
            <property name="repeatIteration" value="0" />
          </properties>
        </test-case>
        <test-case id="1007" name="Ball_HasBallTag" fullname="BallTests.Ball_HasBallTag" methodname="Ball_HasBallTag" classname="BallTests" runstate="Runnable" seed="1760564442" result="Passed" start-time="2025-09-05 06:28:24Z" end-time="2025-09-05 06:28:24Z" duration="0.000090" asserts="0">
          <properties>
            <property name="retryIteration" value="0" />
            <property name="repeatIteration" value="0" />
          </properties>
        </test-case>
        <test-case id="1005" name="Ball_HasCorrectRigidbodySettings" fullname="BallTests.Ball_HasCorrectRigidbodySettings" methodname="Ball_HasCorrectRigidbodySettings" classname="BallTests" runstate="Runnable" seed="1472164601" result="Passed" start-time="2025-09-05 06:28:24Z" end-time="2025-09-05 06:28:24Z" duration="0.000089" asserts="0">
          <properties>
            <property name="retryIteration" value="0" />
            <property name="repeatIteration" value="0" />
          </properties>
        </test-case>
        <test-case id="1004" name="Ball_InitialStateIsCorrect" fullname="BallTests.Ball_InitialStateIsCorrect" methodname="Ball_InitialStateIsCorrect" classname="BallTests" runstate="Runnable" seed="1776939693" result="Passed" start-time="2025-09-05 06:28:24Z" end-time="2025-09-05 06:28:24Z" duration="0.000106" asserts="0">
          <properties>
            <property name="retryIteration" value="0" />
            <property name="repeatIteration" value="0" />
          </properties>
        </test-case>
        <test-case id="1002" name="Ball_LaunchBallMethodSetsVelocityDirectly" fullname="BallTests.Ball_LaunchBallMethodSetsVelocityDirectly" methodname="Ball_LaunchBallMethodSetsVelocityDirectly" classname="BallTests" runstate="Runnable" seed="1331788661" result="Passed" start-time="2025-09-05 06:28:24Z" end-time="2025-09-05 06:28:24Z" duration="0.000104" asserts="0">
          <properties>
            <property name="retryIteration" value="0" />
            <property name="repeatIteration" value="0" />
          </properties>
        </test-case>
        <test-case id="1006" name="Ball_LaunchBallWithNullRigidbodyDoesNotThrow" fullname="BallTests.Ball_LaunchBallWithNullRigidbodyDoesNotThrow" methodname="Ball_LaunchBallWithNullRigidbodyDoesNotThrow" classname="BallTests" runstate="Runnable" seed="957645690" result="Passed" start-time="2025-09-05 06:28:24Z" end-time="2025-09-05 06:28:24Z" duration="0.000133" asserts="0">
          <properties>
            <property name="retryIteration" value="0" />
            <property name="repeatIteration" value="0" />
          </properties>
        </test-case>
        <test-case id="1015" name="Ball_LaunchFromPaddleWithRandomDirection" fullname="BallTests.Ball_LaunchFromPaddleWithRandomDirection" methodname="Ball_LaunchFromPaddleWithRandomDirection" classname="BallTests" runstate="Runnable" seed="1133900641" result="Passed" start-time="2025-09-05 06:28:24Z" end-time="2025-09-05 06:28:24Z" duration="0.000092" asserts="0">
          <properties>
            <property name="retryIteration" value="0" />
            <property name="repeatIteration" value="0" />
          </properties>
        </test-case>
        <test-case id="1011" name="Ball_MaintainsSpeedAfterWallCollision" fullname="BallTests.Ball_MaintainsSpeedAfterWallCollision" methodname="Ball_MaintainsSpeedAfterWallCollision" classname="BallTests" runstate="Runnable" seed="296785748" result="Passed" start-time="2025-09-05 06:28:24Z" end-time="2025-09-05 06:28:24Z" duration="0.000119" asserts="0">
          <properties>
            <property name="retryIteration" value="0" />
            <property name="repeatIteration" value="0" />
          </properties>
        </test-case>
        <test-case id="1019" name="Ball_OnlyFiresWallHitWhenNotAttached" fullname="BallTests.Ball_OnlyFiresWallHitWhenNotAttached" methodname="Ball_OnlyFiresWallHitWhenNotAttached" classname="BallTests" runstate="Runnable" seed="198129360" result="Passed" start-time="2025-09-05 06:28:24Z" end-time="2025-09-05 06:28:24Z" duration="0.000116" asserts="0">
          <properties>
            <property name="retryIteration" value="0" />
            <property name="repeatIteration" value="0" />
          </properties>
        </test-case>
        <test-case id="1010" name="Ball_OnlyReactsToWallComponents" fullname="BallTests.Ball_OnlyReactsToWallComponents" methodname="Ball_OnlyReactsToWallComponents" classname="BallTests" runstate="Runnable" seed="578982042" result="Passed" start-time="2025-09-05 06:28:24Z" end-time="2025-09-05 06:28:24Z" duration="0.000115" asserts="0">
          <properties>
            <property name="retryIteration" value="0" />
            <property name="repeatIteration" value="0" />
          </properties>
        </test-case>
        <test-case id="1009" name="Ball_OnWallHitEventFiresForDifferentWallTypes" fullname="BallTests.Ball_OnWallHitEventFiresForDifferentWallTypes" methodname="Ball_OnWallHitEventFiresForDifferentWallTypes" classname="BallTests" runstate="Runnable" seed="711732182" result="Passed" start-time="2025-09-05 06:28:24Z" end-time="2025-09-05 06:28:24Z" duration="0.000140" asserts="0">
          <properties>
            <property name="retryIteration" value="0" />
            <property name="repeatIteration" value="0" />
          </properties>
        </test-case>
        <test-case id="1022" name="Ball_PaddleCollisionOnlyWhenNotAttached" fullname="BallTests.Ball_PaddleCollisionOnlyWhenNotAttached" methodname="Ball_PaddleCollisionOnlyWhenNotAttached" classname="BallTests" runstate="Runnable" seed="1380112726" result="Passed" start-time="2025-09-05 06:28:24Z" end-time="2025-09-05 06:28:24Z" duration="0.000126" asserts="0">
          <properties>
            <property name="retryIteration" value="0" />
            <property name="repeatIteration" value="0" />
          </properties>
        </test-case>
      </test-suite>
      <test-suite type="TestFixture" id="1158" name="BlockManagerIntegrationTests" fullname="BlockManagerIntegrationTests" classname="BlockManagerIntegrationTests" runstate="Runnable" testcasecount="7" result="Passed" start-time="2025-09-05 06:28:24Z" end-time="2025-09-05 06:28:24Z" duration="0.012973" total="7" passed="7" failed="0" inconclusive="0" skipped="0" asserts="0">
        <properties />
        <test-case id="1160" name="BlockManagerIntegration_BallCanHitSpawnedBlocks" fullname="BlockManagerIntegrationTests.BlockManagerIntegration_BallCanHitSpawnedBlocks" methodname="BlockManagerIntegration_BallCanHitSpawnedBlocks" classname="BlockManagerIntegrationTests" runstate="Runnable" seed="888217215" result="Passed" start-time="2025-09-05 06:28:24Z" end-time="2025-09-05 06:28:24Z" duration="0.000737" asserts="0">
          <properties>
            <property name="retryIteration" value="0" />
            <property name="repeatIteration" value="0" />
          </properties>
          <output><![CDATA[BlockManager: Spawned 1 blocks (1x1 grid)
]]></output>
        </test-case>
        <test-case id="1161" name="BlockManagerIntegration_BlockDestructionAddsScore" fullname="BlockManagerIntegrationTests.BlockManagerIntegration_BlockDestructionAddsScore" methodname="BlockManagerIntegration_BlockDestructionAddsScore" classname="BlockManagerIntegrationTests" runstate="Runnable" seed="1382849955" result="Passed" start-time="2025-09-05 06:28:24Z" end-time="2025-09-05 06:28:24Z" duration="0.000577" asserts="0">
          <properties>
            <property name="retryIteration" value="0" />
            <property name="repeatIteration" value="0" />
          </properties>
          <output><![CDATA[BlockManager: Spawned 1 blocks (1x1 grid)
]]></output>
        </test-case>
        <test-case id="1163" name="BlockManagerIntegration_BlocksSpawnWithinGameBoundaries" fullname="BlockManagerIntegrationTests.BlockManagerIntegration_BlocksSpawnWithinGameBoundaries" methodname="BlockManagerIntegration_BlocksSpawnWithinGameBoundaries" classname="BlockManagerIntegrationTests" runstate="Runnable" seed="1642413293" result="Passed" start-time="2025-09-05 06:28:24Z" end-time="2025-09-05 06:28:24Z" duration="0.001831" asserts="0">
          <properties>
            <property name="retryIteration" value="0" />
            <property name="repeatIteration" value="0" />
          </properties>
          <output><![CDATA[BlockManager: Spawned 40 blocks (5x8 grid)
]]></output>
        </test-case>
        <test-case id="1164" name="BlockManagerIntegration_ClearsBlocksOnNewGame" fullname="BlockManagerIntegrationTests.BlockManagerIntegration_ClearsBlocksOnNewGame" methodname="BlockManagerIntegration_ClearsBlocksOnNewGame" classname="BlockManagerIntegrationTests" runstate="Runnable" seed="786740236" result="Passed" start-time="2025-09-05 06:28:24Z" end-time="2025-09-05 06:28:24Z" duration="0.001828" asserts="0">
          <properties>
            <property name="retryIteration" value="0" />
            <property name="repeatIteration" value="0" />
          </properties>
          <output><![CDATA[BlockManager: Spawned 4 blocks (2x2 grid)
Game State: Start
Game State: Playing
GameManager: LevelLifecycleManager not found - falling back to old ball spawning
BlockManager: Spawned 4 blocks (2x2 grid)
]]></output>
        </test-case>
        <test-case id="1165" name="BlockManagerIntegration_HandlesMultiHitBlocks" fullname="BlockManagerIntegrationTests.BlockManagerIntegration_HandlesMultiHitBlocks" methodname="BlockManagerIntegration_HandlesMultiHitBlocks" classname="BlockManagerIntegrationTests" runstate="Runnable" seed="108253235" result="Passed" start-time="2025-09-05 06:28:24Z" end-time="2025-09-05 06:28:24Z" duration="0.001501" asserts="0">
          <properties>
            <property name="retryIteration" value="0" />
            <property name="repeatIteration" value="0" />
          </properties>
          <output><![CDATA[BlockManager: Spawned 40 blocks (5x8 grid)
]]></output>
        </test-case>
        <test-case id="1162" name="BlockManagerIntegration_MultipleBlocksCanBeHit" fullname="BlockManagerIntegrationTests.BlockManagerIntegration_MultipleBlocksCanBeHit" methodname="BlockManagerIntegration_MultipleBlocksCanBeHit" classname="BlockManagerIntegrationTests" runstate="Runnable" seed="2006315248" result="Passed" start-time="2025-09-05 06:28:24Z" end-time="2025-09-05 06:28:24Z" duration="0.000609" asserts="0">
          <properties>
            <property name="retryIteration" value="0" />
            <property name="repeatIteration" value="0" />
          </properties>
          <output><![CDATA[BlockManager: Spawned 4 blocks (2x2 grid)
]]></output>
        </test-case>
        <test-case id="1159" name="BlockManagerIntegration_SpawnsBlocksOnGameStart" fullname="BlockManagerIntegrationTests.BlockManagerIntegration_SpawnsBlocksOnGameStart" methodname="BlockManagerIntegration_SpawnsBlocksOnGameStart" classname="BlockManagerIntegrationTests" runstate="Runnable" seed="161335320" result="Passed" start-time="2025-09-05 06:28:24Z" end-time="2025-09-05 06:28:24Z" duration="0.001469" asserts="0">
          <properties>
            <property name="retryIteration" value="0" />
            <property name="repeatIteration" value="0" />
          </properties>
          <output><![CDATA[Game State: Start
Game State: Playing
GameManager: LevelLifecycleManager not found - falling back to old ball spawning
BlockManager: Spawned 6 blocks (2x3 grid)
]]></output>
        </test-case>
      </test-suite>
      <test-suite type="TestFixture" id="1023" name="BlockManagerTests" fullname="BlockManagerTests" classname="BlockManagerTests" runstate="Runnable" testcasecount="31" result="Passed" start-time="2025-09-05 06:28:24Z" end-time="2025-09-05 06:28:24Z" duration="0.022350" total="31" passed="31" failed="0" inconclusive="0" skipped="0" asserts="0">
        <properties />
        <test-case id="1029" name="BlockManager_CalculatesCorrectBlockPositions" fullname="BlockManagerTests.BlockManager_CalculatesCorrectBlockPositions" methodname="BlockManager_CalculatesCorrectBlockPositions" classname="BlockManagerTests" runstate="Runnable" seed="2008262248" result="Passed" start-time="2025-09-05 06:28:24Z" end-time="2025-09-05 06:28:24Z" duration="0.000180" asserts="0">
          <properties>
            <property name="retryIteration" value="0" />
            <property name="repeatIteration" value="0" />
          </properties>
        </test-case>
        <test-case id="1048" name="BlockManager_CalculatesCorrectBlockPositionsWithSeparateSpacing" fullname="BlockManagerTests.BlockManager_CalculatesCorrectBlockPositionsWithSeparateSpacing" methodname="BlockManager_CalculatesCorrectBlockPositionsWithSeparateSpacing" classname="BlockManagerTests" runstate="Runnable" seed="149894834" result="Passed" start-time="2025-09-05 06:28:24Z" end-time="2025-09-05 06:28:24Z" duration="0.000145" asserts="0">
          <properties>
            <property name="retryIteration" value="0" />
            <property name="repeatIteration" value="0" />
          </properties>
        </test-case>
        <test-case id="1037" name="BlockManager_CalculatesGridDimensionsProperly" fullname="BlockManagerTests.BlockManager_CalculatesGridDimensionsProperly" methodname="BlockManager_CalculatesGridDimensionsProperly" classname="BlockManagerTests" runstate="Runnable" seed="864169890" result="Passed" start-time="2025-09-05 06:28:24Z" end-time="2025-09-05 06:28:24Z" duration="0.000141" asserts="0">
          <properties>
            <property name="retryIteration" value="0" />
            <property name="repeatIteration" value="0" />
          </properties>
        </test-case>
        <test-case id="1028" name="BlockManager_CanSetAndGetBlockPrefab" fullname="BlockManagerTests.BlockManager_CanSetAndGetBlockPrefab" methodname="BlockManager_CanSetAndGetBlockPrefab" classname="BlockManagerTests" runstate="Runnable" seed="319030201" result="Passed" start-time="2025-09-05 06:28:24Z" end-time="2025-09-05 06:28:24Z" duration="0.000169" asserts="0">
          <properties>
            <property name="retryIteration" value="0" />
            <property name="repeatIteration" value="0" />
          </properties>
        </test-case>
        <test-case id="1050" name="BlockManager_CanSetBlockSpriteList" fullname="BlockManagerTests.BlockManager_CanSetBlockSpriteList" methodname="BlockManager_CanSetBlockSpriteList" classname="BlockManagerTests" runstate="Runnable" seed="1467630357" result="Passed" start-time="2025-09-05 06:28:24Z" end-time="2025-09-05 06:28:24Z" duration="0.000395" asserts="0">
          <properties>
            <property name="retryIteration" value="0" />
            <property name="repeatIteration" value="0" />
          </properties>
        </test-case>
        <test-case id="1031" name="BlockManager_ClearAllBlocksRemovesSpawnedBlocks" fullname="BlockManagerTests.BlockManager_ClearAllBlocksRemovesSpawnedBlocks" methodname="BlockManager_ClearAllBlocksRemovesSpawnedBlocks" classname="BlockManagerTests" runstate="Runnable" seed="2041621174" result="Passed" start-time="2025-09-05 06:28:24Z" end-time="2025-09-05 06:28:24Z" duration="0.000750" asserts="0">
          <properties>
            <property name="retryIteration" value="0" />
            <property name="repeatIteration" value="0" />
          </properties>
          <output><![CDATA[BlockManager: Spawned 4 blocks (2x2 grid)
]]></output>
        </test-case>
        <test-case id="1033" name="BlockManager_ClearsOldBlocksBeforeSpawningNew" fullname="BlockManagerTests.BlockManager_ClearsOldBlocksBeforeSpawningNew" methodname="BlockManager_ClearsOldBlocksBeforeSpawningNew" classname="BlockManagerTests" runstate="Runnable" seed="1672291900" result="Passed" start-time="2025-09-05 06:28:24Z" end-time="2025-09-05 06:28:24Z" duration="0.001033" asserts="0">
          <properties>
            <property name="retryIteration" value="0" />
            <property name="repeatIteration" value="0" />
          </properties>
          <output><![CDATA[BlockManager: Spawned 1 blocks (1x1 grid)
BlockManager: Spawned 1 blocks (1x1 grid)
]]></output>
        </test-case>
        <test-case id="1041" name="BlockManager_ConfigureForLevel_AppliesLevelDataCorrectly" fullname="BlockManagerTests.BlockManager_ConfigureForLevel_AppliesLevelDataCorrectly" methodname="BlockManager_ConfigureForLevel_AppliesLevelDataCorrectly" classname="BlockManagerTests" runstate="Runnable" seed="1551676645" result="Passed" start-time="2025-09-05 06:28:24Z" end-time="2025-09-05 06:28:24Z" duration="0.000199" asserts="0">
          <properties>
            <property name="retryIteration" value="0" />
            <property name="repeatIteration" value="0" />
          </properties>
        </test-case>
        <test-case id="1049" name="BlockManager_ConfigureForLevel_AppliesLevelDataWithSeparateSpacing" fullname="BlockManagerTests.BlockManager_ConfigureForLevel_AppliesLevelDataWithSeparateSpacing" methodname="BlockManager_ConfigureForLevel_AppliesLevelDataWithSeparateSpacing" classname="BlockManagerTests" runstate="Runnable" seed="1097656329" result="Passed" start-time="2025-09-05 06:28:24Z" end-time="2025-09-05 06:28:24Z" duration="0.000181" asserts="0">
          <properties>
            <property name="retryIteration" value="0" />
            <property name="repeatIteration" value="0" />
          </properties>
        </test-case>
        <test-case id="1052" name="BlockManager_ConfigureForLevel_AppliesLevelSprites" fullname="BlockManagerTests.BlockManager_ConfigureForLevel_AppliesLevelSprites" methodname="BlockManager_ConfigureForLevel_AppliesLevelSprites" classname="BlockManagerTests" runstate="Runnable" seed="137632236" result="Passed" start-time="2025-09-05 06:28:24Z" end-time="2025-09-05 06:28:24Z" duration="0.000330" asserts="0">
          <properties>
            <property name="retryIteration" value="0" />
            <property name="repeatIteration" value="0" />
          </properties>
        </test-case>
        <test-case id="1043" name="BlockManager_ConfigureForLevel_HandlesNullLevelData" fullname="BlockManagerTests.BlockManager_ConfigureForLevel_HandlesNullLevelData" methodname="BlockManager_ConfigureForLevel_HandlesNullLevelData" classname="BlockManagerTests" runstate="Runnable" seed="163168749" result="Passed" start-time="2025-09-05 06:28:24Z" end-time="2025-09-05 06:28:24Z" duration="0.000135" asserts="0">
          <properties>
            <property name="retryIteration" value="0" />
            <property name="repeatIteration" value="0" />
          </properties>
        </test-case>
        <test-case id="1042" name="BlockManager_ConfigureForLevel_UpdatesScoreConfiguration" fullname="BlockManagerTests.BlockManager_ConfigureForLevel_UpdatesScoreConfiguration" methodname="BlockManager_ConfigureForLevel_UpdatesScoreConfiguration" classname="BlockManagerTests" runstate="Runnable" seed="873631841" result="Passed" start-time="2025-09-05 06:28:24Z" end-time="2025-09-05 06:28:24Z" duration="0.001101" asserts="0">
          <properties>
            <property name="retryIteration" value="0" />
            <property name="repeatIteration" value="0" />
          </properties>
          <output><![CDATA[BlockManager: Spawned 20 blocks (4x5 grid)
]]></output>
        </test-case>
        <test-case id="1039" name="BlockManager_DefaultScoreAssignmentWithoutGameManager" fullname="BlockManagerTests.BlockManager_DefaultScoreAssignmentWithoutGameManager" methodname="BlockManager_DefaultScoreAssignmentWithoutGameManager" classname="BlockManagerTests" runstate="Runnable" seed="1970929332" result="Passed" start-time="2025-09-05 06:28:24Z" end-time="2025-09-05 06:28:24Z" duration="0.000536" asserts="0">
          <properties>
            <property name="retryIteration" value="0" />
            <property name="repeatIteration" value="0" />
          </properties>
          <output><![CDATA[BlockManager: Spawned 1 blocks (1x1 grid)
]]></output>
        </test-case>
        <test-case id="1053" name="BlockManager_HandlesEmptySpriteListGracefully" fullname="BlockManagerTests.BlockManager_HandlesEmptySpriteListGracefully" methodname="BlockManager_HandlesEmptySpriteListGracefully" classname="BlockManagerTests" runstate="Runnable" seed="1889058498" result="Passed" start-time="2025-09-05 06:28:24Z" end-time="2025-09-05 06:28:24Z" duration="0.000579" asserts="0">
          <properties>
            <property name="retryIteration" value="0" />
            <property name="repeatIteration" value="0" />
          </properties>
          <output><![CDATA[BlockManager: Spawned 1 blocks (1x1 grid)
]]></output>
        </test-case>
        <test-case id="1035" name="BlockManager_HandlesNullBlockPrefabGracefully" fullname="BlockManagerTests.BlockManager_HandlesNullBlockPrefabGracefully" methodname="BlockManager_HandlesNullBlockPrefabGracefully" classname="BlockManagerTests" runstate="Runnable" seed="1323301362" result="Passed" start-time="2025-09-05 06:28:24Z" end-time="2025-09-05 06:28:24Z" duration="0.000471" asserts="0">
          <properties>
            <property name="retryIteration" value="0" />
            <property name="repeatIteration" value="0" />
          </properties>
          <output><![CDATA[BlockManager: No block prefab assigned. Cannot spawn blocks.
]]></output>
        </test-case>
        <test-case id="1054" name="BlockManager_HandlesNullSpriteListGracefully" fullname="BlockManagerTests.BlockManager_HandlesNullSpriteListGracefully" methodname="BlockManager_HandlesNullSpriteListGracefully" classname="BlockManagerTests" runstate="Runnable" seed="281909648" result="Passed" start-time="2025-09-05 06:28:24Z" end-time="2025-09-05 06:28:24Z" duration="0.000542" asserts="0">
          <properties>
            <property name="retryIteration" value="0" />
            <property name="repeatIteration" value="0" />
          </properties>
          <output><![CDATA[BlockManager: Spawned 1 blocks (1x1 grid)
]]></output>
        </test-case>
        <test-case id="1025" name="BlockManager_HasConfigurableBlockColumns" fullname="BlockManagerTests.BlockManager_HasConfigurableBlockColumns" methodname="BlockManager_HasConfigurableBlockColumns" classname="BlockManagerTests" runstate="Runnable" seed="2099269832" result="Passed" start-time="2025-09-05 06:28:24Z" end-time="2025-09-05 06:28:24Z" duration="0.000119" asserts="0">
          <properties>
            <property name="retryIteration" value="0" />
            <property name="repeatIteration" value="0" />
          </properties>
        </test-case>
        <test-case id="1024" name="BlockManager_HasConfigurableBlockRows" fullname="BlockManagerTests.BlockManager_HasConfigurableBlockRows" methodname="BlockManager_HasConfigurableBlockRows" classname="BlockManagerTests" runstate="Runnable" seed="1094341130" result="Passed" start-time="2025-09-05 06:28:24Z" end-time="2025-09-05 06:28:24Z" duration="0.000112" asserts="0">
          <properties>
            <property name="retryIteration" value="0" />
            <property name="repeatIteration" value="0" />
          </properties>
        </test-case>
        <test-case id="1026" name="BlockManager_HasConfigurableBlockSpacing" fullname="BlockManagerTests.BlockManager_HasConfigurableBlockSpacing" methodname="BlockManager_HasConfigurableBlockSpacing" classname="BlockManagerTests" runstate="Runnable" seed="1290879939" result="Passed" start-time="2025-09-05 06:28:24Z" end-time="2025-09-05 06:28:24Z" duration="0.000111" asserts="0">
          <properties>
            <property name="retryIteration" value="0" />
            <property name="repeatIteration" value="0" />
          </properties>
        </test-case>
        <test-case id="1046" name="BlockManager_HasConfigurableBlockSpacingX" fullname="BlockManagerTests.BlockManager_HasConfigurableBlockSpacingX" methodname="BlockManager_HasConfigurableBlockSpacingX" classname="BlockManagerTests" runstate="Runnable" seed="307901672" result="Passed" start-time="2025-09-05 06:28:24Z" end-time="2025-09-05 06:28:24Z" duration="0.000106" asserts="0">
          <properties>
            <property name="retryIteration" value="0" />
            <property name="repeatIteration" value="0" />
          </properties>
        </test-case>
        <test-case id="1047" name="BlockManager_HasConfigurableBlockSpacingY" fullname="BlockManagerTests.BlockManager_HasConfigurableBlockSpacingY" methodname="BlockManager_HasConfigurableBlockSpacingY" classname="BlockManagerTests" runstate="Runnable" seed="1997592520" result="Passed" start-time="2025-09-05 06:28:24Z" end-time="2025-09-05 06:28:24Z" duration="0.000107" asserts="0">
          <properties>
            <property name="retryIteration" value="0" />
            <property name="repeatIteration" value="0" />
          </properties>
        </test-case>
        <test-case id="1027" name="BlockManager_HasConfigurableSpawnAreaOffset" fullname="BlockManagerTests.BlockManager_HasConfigurableSpawnAreaOffset" methodname="BlockManager_HasConfigurableSpawnAreaOffset" classname="BlockManagerTests" runstate="Runnable" seed="438720574" result="Passed" start-time="2025-09-05 06:28:24Z" end-time="2025-09-05 06:28:24Z" duration="0.000118" asserts="0">
          <properties>
            <property name="retryIteration" value="0" />
            <property name="repeatIteration" value="0" />
          </properties>
        </test-case>
        <test-case id="1045" name="BlockManager_IntegratesWithLevelManager" fullname="BlockManagerTests.BlockManager_IntegratesWithLevelManager" methodname="BlockManager_IntegratesWithLevelManager" classname="BlockManagerTests" runstate="Runnable" seed="1138479014" result="Passed" start-time="2025-09-05 06:28:24Z" end-time="2025-09-05 06:28:24Z" duration="0.000837" asserts="0">
          <properties>
            <property name="retryIteration" value="0" />
            <property name="repeatIteration" value="0" />
          </properties>
          <output><![CDATA[BlockManager: Spawned 12 blocks (3x4 grid)
]]></output>
        </test-case>
        <test-case id="1044" name="BlockManager_NotifiesGameManagerOfBlockCount" fullname="BlockManagerTests.BlockManager_NotifiesGameManagerOfBlockCount" methodname="BlockManager_NotifiesGameManagerOfBlockCount" classname="BlockManagerTests" runstate="Runnable" seed="2074864678" result="Passed" start-time="2025-09-05 06:28:24Z" end-time="2025-09-05 06:28:24Z" duration="0.000633" asserts="0">
          <properties>
            <property name="retryIteration" value="0" />
            <property name="repeatIteration" value="0" />
          </properties>
          <output><![CDATA[BlockManager: Spawned 6 blocks (2x3 grid)
]]></output>
        </test-case>
        <test-case id="1034" name="BlockManager_RegistersWithGameManagerEvents" fullname="BlockManagerTests.BlockManager_RegistersWithGameManagerEvents" methodname="BlockManager_RegistersWithGameManagerEvents" classname="BlockManagerTests" runstate="Runnable" seed="1376772322" result="Passed" start-time="2025-09-05 06:28:24Z" end-time="2025-09-05 06:28:24Z" duration="0.002289" asserts="0">
          <properties>
            <property name="retryIteration" value="0" />
            <property name="repeatIteration" value="0" />
          </properties>
          <output><![CDATA[Game State: Start
Game State: Playing
GameManager: LevelLifecycleManager not found - falling back to old ball spawning
BlockManager: Spawned 40 blocks (5x8 grid)
]]></output>
        </test-case>
        <test-case id="1040" name="BlockManager_ScoreConfigurationInspectorFriendly" fullname="BlockManagerTests.BlockManager_ScoreConfigurationInspectorFriendly" methodname="BlockManager_ScoreConfigurationInspectorFriendly" classname="BlockManagerTests" runstate="Runnable" seed="2025520113" result="Passed" start-time="2025-09-05 06:28:24Z" end-time="2025-09-05 06:28:24Z" duration="0.000117" asserts="0">
          <properties>
            <property name="retryIteration" value="0" />
            <property name="repeatIteration" value="0" />
          </properties>
        </test-case>
        <test-case id="1038" name="BlockManager_SpawnBlocks_AssignsDefaultScoreFromGameManager" fullname="BlockManagerTests.BlockManager_SpawnBlocks_AssignsDefaultScoreFromGameManager" methodname="BlockManager_SpawnBlocks_AssignsDefaultScoreFromGameManager" classname="BlockManagerTests" runstate="Runnable" seed="621273514" result="Passed" start-time="2025-09-05 06:28:24Z" end-time="2025-09-05 06:28:24Z" duration="0.000469" asserts="0">
          <properties>
            <property name="retryIteration" value="0" />
            <property name="repeatIteration" value="0" />
          </properties>
          <output><![CDATA[BlockManager: Spawned 1 blocks (1x1 grid)
]]></output>
        </test-case>
        <test-case id="1030" name="BlockManager_SpawnedBlocksAreWithinBoundaries" fullname="BlockManagerTests.BlockManager_SpawnedBlocksAreWithinBoundaries" methodname="BlockManager_SpawnedBlocksAreWithinBoundaries" classname="BlockManagerTests" runstate="Runnable" seed="1703063467" result="Passed" start-time="2025-09-05 06:28:24Z" end-time="2025-09-05 06:28:24Z" duration="0.000631" asserts="0">
          <properties>
            <property name="retryIteration" value="0" />
            <property name="repeatIteration" value="0" />
          </properties>
          <output><![CDATA[BlockManager: Spawned 6 blocks (2x3 grid)
]]></output>
        </test-case>
        <test-case id="1032" name="BlockManager_SpawnsBlocksOnGameStartEvent" fullname="BlockManagerTests.BlockManager_SpawnsBlocksOnGameStartEvent" methodname="BlockManager_SpawnsBlocksOnGameStartEvent" classname="BlockManagerTests" runstate="Runnable" seed="2061191106" result="Passed" start-time="2025-09-05 06:28:24Z" end-time="2025-09-05 06:28:24Z" duration="0.001295" asserts="0">
          <properties>
            <property name="retryIteration" value="0" />
            <property name="repeatIteration" value="0" />
          </properties>
          <output><![CDATA[Game State: Start
Game State: Playing
GameManager: LevelLifecycleManager not found - falling back to old ball spawning
BlockManager: Spawned 2 blocks (1x2 grid)
]]></output>
        </test-case>
        <test-case id="1051" name="BlockManager_SpawnsBlocksWithRandomSprites" fullname="BlockManagerTests.BlockManager_SpawnsBlocksWithRandomSprites" methodname="BlockManager_SpawnsBlocksWithRandomSprites" classname="BlockManagerTests" runstate="Runnable" seed="1450908185" result="Passed" start-time="2025-09-05 06:28:24Z" end-time="2025-09-05 06:28:24Z" duration="0.000808" asserts="0">
          <properties>
            <property name="retryIteration" value="0" />
            <property name="repeatIteration" value="0" />
          </properties>
          <output><![CDATA[BlockManager: Spawned 4 blocks (2x2 grid)
]]></output>
        </test-case>
        <test-case id="1036" name="BlockManager_ValidatesConfigurationValues" fullname="BlockManagerTests.BlockManager_ValidatesConfigurationValues" methodname="BlockManager_ValidatesConfigurationValues" classname="BlockManagerTests" runstate="Runnable" seed="1935104866" result="Passed" start-time="2025-09-05 06:28:24Z" end-time="2025-09-05 06:28:24Z" duration="0.000125" asserts="0">
          <properties>
            <property name="retryIteration" value="0" />
            <property name="repeatIteration" value="0" />
          </properties>
        </test-case>
      </test-suite>
      <test-suite type="TestFixture" id="1055" name="BlockTests" fullname="BlockTests" classname="BlockTests" runstate="Runnable" testcasecount="21" result="Passed" start-time="2025-09-05 06:28:24Z" end-time="2025-09-05 06:28:24Z" duration="0.061818" total="21" passed="21" failed="0" inconclusive="0" skipped="0" asserts="0">
        <properties />
        <test-case id="1072" name="Block_CanSetRandomSpriteFromList" fullname="BlockTests.Block_CanSetRandomSpriteFromList" methodname="Block_CanSetRandomSpriteFromList" classname="BlockTests" runstate="Runnable" seed="214639483" result="Passed" start-time="2025-09-05 06:28:24Z" end-time="2025-09-05 06:28:24Z" duration="0.000519" asserts="0">
          <properties>
            <property name="retryIteration" value="0" />
            <property name="repeatIteration" value="0" />
          </properties>
        </test-case>
        <test-case id="1070" name="Block_DestroyBlock_UsesConfiguredPointValue" fullname="BlockTests.Block_DestroyBlock_UsesConfiguredPointValue" methodname="Block_DestroyBlock_UsesConfiguredPointValue" classname="BlockTests" runstate="Runnable" seed="1279304646" result="Passed" start-time="2025-09-05 06:28:24Z" end-time="2025-09-05 06:28:24Z" duration="0.013230" asserts="0">
          <properties>
            <property name="_JOINTYPE" value="UnityCombinatorial" />
            <property name="retryIteration" value="0" />
            <property name="repeatIteration" value="0" />
          </properties>
        </test-case>
        <test-case id="1071" name="Block_DestroyBlock_WithZeroPoints_DoesNotAddScore" fullname="BlockTests.Block_DestroyBlock_WithZeroPoints_DoesNotAddScore" methodname="Block_DestroyBlock_WithZeroPoints_DoesNotAddScore" classname="BlockTests" runstate="Runnable" seed="697379690" result="Passed" start-time="2025-09-05 06:28:24Z" end-time="2025-09-05 06:28:24Z" duration="0.013161" asserts="0">
          <properties>
            <property name="_JOINTYPE" value="UnityCombinatorial" />
            <property name="retryIteration" value="0" />
            <property name="repeatIteration" value="0" />
          </properties>
        </test-case>
        <test-case id="1061" name="Block_DestroyBlockAddsScore" fullname="BlockTests.Block_DestroyBlockAddsScore" methodname="Block_DestroyBlockAddsScore" classname="BlockTests" runstate="Runnable" seed="1486283819" result="Passed" start-time="2025-09-05 06:28:24Z" end-time="2025-09-05 06:28:24Z" duration="0.011714" asserts="0">
          <properties>
            <property name="_JOINTYPE" value="UnityCombinatorial" />
            <property name="retryIteration" value="0" />
            <property name="repeatIteration" value="0" />
          </properties>
        </test-case>
        <test-case id="1060" name="Block_DestroyBlockDestroysGameObject" fullname="BlockTests.Block_DestroyBlockDestroysGameObject" methodname="Block_DestroyBlockDestroysGameObject" classname="BlockTests" runstate="Runnable" seed="1505426930" result="Passed" start-time="2025-09-05 06:28:24Z" end-time="2025-09-05 06:28:24Z" duration="0.011583" asserts="0">
          <properties>
            <property name="_JOINTYPE" value="UnityCombinatorial" />
            <property name="retryIteration" value="0" />
            <property name="repeatIteration" value="0" />
          </properties>
        </test-case>
        <test-case id="1065" name="Block_DestroyBlockWithNullGameManagerDoesNotThrow" fullname="BlockTests.Block_DestroyBlockWithNullGameManagerDoesNotThrow" methodname="Block_DestroyBlockWithNullGameManagerDoesNotThrow" classname="BlockTests" runstate="Runnable" seed="727120011" result="Passed" start-time="2025-09-05 06:28:24Z" end-time="2025-09-05 06:28:24Z" duration="0.000304" asserts="0">
          <properties>
            <property name="retryIteration" value="0" />
            <property name="repeatIteration" value="0" />
          </properties>
        </test-case>
        <test-case id="1066" name="Block_HasDefaultPointValue" fullname="BlockTests.Block_HasDefaultPointValue" methodname="Block_HasDefaultPointValue" classname="BlockTests" runstate="Runnable" seed="219540151" result="Passed" start-time="2025-09-05 06:28:24Z" end-time="2025-09-05 06:28:24Z" duration="0.000260" asserts="0">
          <properties>
            <property name="retryIteration" value="0" />
            <property name="repeatIteration" value="0" />
          </properties>
        </test-case>
        <test-case id="1056" name="Block_HasInitialHitPointsOfOne" fullname="BlockTests.Block_HasInitialHitPointsOfOne" methodname="Block_HasInitialHitPointsOfOne" classname="BlockTests" runstate="Runnable" seed="436985963" result="Passed" start-time="2025-09-05 06:28:24Z" end-time="2025-09-05 06:28:24Z" duration="0.000248" asserts="0">
          <properties>
            <property name="retryIteration" value="0" />
            <property name="repeatIteration" value="0" />
          </properties>
        </test-case>
        <test-case id="1059" name="Block_MultipleHitsDecrementCorrectly" fullname="BlockTests.Block_MultipleHitsDecrementCorrectly" methodname="Block_MultipleHitsDecrementCorrectly" classname="BlockTests" runstate="Runnable" seed="239075082" result="Passed" start-time="2025-09-05 06:28:24Z" end-time="2025-09-05 06:28:24Z" duration="0.000246" asserts="0">
          <properties>
            <property name="retryIteration" value="0" />
            <property name="repeatIteration" value="0" />
          </properties>
        </test-case>
        <test-case id="1073" name="Block_RandomSpriteSelection_UsesAllSpritesOverMultipleSelections" fullname="BlockTests.Block_RandomSpriteSelection_UsesAllSpritesOverMultipleSelections" methodname="Block_RandomSpriteSelection_UsesAllSpritesOverMultipleSelections" classname="BlockTests" runstate="Runnable" seed="449737432" result="Passed" start-time="2025-09-05 06:28:24Z" end-time="2025-09-05 06:28:24Z" duration="0.001156" asserts="0">
          <properties>
            <property name="retryIteration" value="0" />
            <property name="repeatIteration" value="0" />
          </properties>
        </test-case>
        <test-case id="1063" name="Block_SetHitPointsUpdatesCorrectly" fullname="BlockTests.Block_SetHitPointsUpdatesCorrectly" methodname="Block_SetHitPointsUpdatesCorrectly" classname="BlockTests" runstate="Runnable" seed="2008497560" result="Passed" start-time="2025-09-05 06:28:24Z" end-time="2025-09-05 06:28:24Z" duration="0.000245" asserts="0">
          <properties>
            <property name="retryIteration" value="0" />
            <property name="repeatIteration" value="0" />
          </properties>
        </test-case>
        <test-case id="1069" name="Block_SetPointValue_AcceptsZeroValue" fullname="BlockTests.Block_SetPointValue_AcceptsZeroValue" methodname="Block_SetPointValue_AcceptsZeroValue" classname="BlockTests" runstate="Runnable" seed="1604985243" result="Passed" start-time="2025-09-05 06:28:24Z" end-time="2025-09-05 06:28:24Z" duration="0.000258" asserts="0">
          <properties>
            <property name="retryIteration" value="0" />
            <property name="repeatIteration" value="0" />
          </properties>
        </test-case>
        <test-case id="1068" name="Block_SetPointValue_RejectsNegativeValues" fullname="BlockTests.Block_SetPointValue_RejectsNegativeValues" methodname="Block_SetPointValue_RejectsNegativeValues" classname="BlockTests" runstate="Runnable" seed="1238033910" result="Passed" start-time="2025-09-05 06:28:24Z" end-time="2025-09-05 06:28:24Z" duration="0.000236" asserts="0">
          <properties>
            <property name="retryIteration" value="0" />
            <property name="repeatIteration" value="0" />
          </properties>
        </test-case>
        <test-case id="1067" name="Block_SetPointValue_UpdatesCorrectly" fullname="BlockTests.Block_SetPointValue_UpdatesCorrectly" methodname="Block_SetPointValue_UpdatesCorrectly" classname="BlockTests" runstate="Runnable" seed="536021750" result="Passed" start-time="2025-09-05 06:28:24Z" end-time="2025-09-05 06:28:24Z" duration="0.000231" asserts="0">
          <properties>
            <property name="retryIteration" value="0" />
            <property name="repeatIteration" value="0" />
          </properties>
        </test-case>
        <test-case id="1074" name="Block_SetRandomSpriteFromList_HandlesEmptyArrayGracefully" fullname="BlockTests.Block_SetRandomSpriteFromList_HandlesEmptyArrayGracefully" methodname="Block_SetRandomSpriteFromList_HandlesEmptyArrayGracefully" classname="BlockTests" runstate="Runnable" seed="871065408" result="Passed" start-time="2025-09-05 06:28:24Z" end-time="2025-09-05 06:28:24Z" duration="0.000244" asserts="0">
          <properties>
            <property name="retryIteration" value="0" />
            <property name="repeatIteration" value="0" />
          </properties>
        </test-case>
        <test-case id="1075" name="Block_SetRandomSpriteFromList_HandlesNullArrayGracefully" fullname="BlockTests.Block_SetRandomSpriteFromList_HandlesNullArrayGracefully" methodname="Block_SetRandomSpriteFromList_HandlesNullArrayGracefully" classname="BlockTests" runstate="Runnable" seed="1271785061" result="Passed" start-time="2025-09-05 06:28:24Z" end-time="2025-09-05 06:28:24Z" duration="0.000231" asserts="0">
          <properties>
            <property name="retryIteration" value="0" />
            <property name="repeatIteration" value="0" />
          </properties>
        </test-case>
        <test-case id="1076" name="Block_SetRandomSpriteFromList_WithSingleSprite_UsesOnlyThatSprite" fullname="BlockTests.Block_SetRandomSpriteFromList_WithSingleSprite_UsesOnlyThatSprite" methodname="Block_SetRandomSpriteFromList_WithSingleSprite_UsesOnlyThatSprite" classname="BlockTests" runstate="Runnable" seed="253719968" result="Passed" start-time="2025-09-05 06:28:24Z" end-time="2025-09-05 06:28:24Z" duration="0.000319" asserts="0">
          <properties>
            <property name="retryIteration" value="0" />
            <property name="repeatIteration" value="0" />
          </properties>
        </test-case>
        <test-case id="1057" name="Block_TakeHitDecreasesHitPoints" fullname="BlockTests.Block_TakeHitDecreasesHitPoints" methodname="Block_TakeHitDecreasesHitPoints" classname="BlockTests" runstate="Runnable" seed="1967673876" result="Passed" start-time="2025-09-05 06:28:24Z" end-time="2025-09-05 06:28:24Z" duration="0.000249" asserts="0">
          <properties>
            <property name="retryIteration" value="0" />
            <property name="repeatIteration" value="0" />
          </properties>
        </test-case>
        <test-case id="1058" name="Block_TakeHitFromTwoHitPointsDecreasesToOne" fullname="BlockTests.Block_TakeHitFromTwoHitPointsDecreasesToOne" methodname="Block_TakeHitFromTwoHitPointsDecreasesToOne" classname="BlockTests" runstate="Runnable" seed="1475985264" result="Passed" start-time="2025-09-05 06:28:24Z" end-time="2025-09-05 06:28:24Z" duration="0.000234" asserts="0">
          <properties>
            <property name="retryIteration" value="0" />
            <property name="repeatIteration" value="0" />
          </properties>
        </test-case>
        <test-case id="1062" name="Block_TakeHitWhenHitPointsIsZeroDoesNotThrow" fullname="BlockTests.Block_TakeHitWhenHitPointsIsZeroDoesNotThrow" methodname="Block_TakeHitWhenHitPointsIsZeroDoesNotThrow" classname="BlockTests" runstate="Runnable" seed="1144526233" result="Passed" start-time="2025-09-05 06:28:24Z" end-time="2025-09-05 06:28:24Z" duration="0.000244" asserts="0">
          <properties>
            <property name="retryIteration" value="0" />
            <property name="repeatIteration" value="0" />
          </properties>
        </test-case>
        <test-case id="1064" name="GameManager_SingletonAndScoreWorkCorrectly" fullname="BlockTests.GameManager_SingletonAndScoreWorkCorrectly" methodname="GameManager_SingletonAndScoreWorkCorrectly" classname="BlockTests" runstate="Runnable" seed="2058089263" result="Passed" start-time="2025-09-05 06:28:24Z" end-time="2025-09-05 06:28:24Z" duration="0.000251" asserts="0">
          <properties>
            <property name="retryIteration" value="0" />
            <property name="repeatIteration" value="0" />
          </properties>
        </test-case>
      </test-suite>
      <test-suite type="TestFixture" id="1166" name="BoundarySystemIntegrationTests" fullname="BoundarySystemIntegrationTests" classname="BoundarySystemIntegrationTests" runstate="Runnable" testcasecount="10" result="Passed" start-time="2025-09-05 06:28:24Z" end-time="2025-09-05 06:28:24Z" duration="0.046643" total="10" passed="10" failed="0" inconclusive="0" skipped="0" asserts="0">
        <properties />
        <test-case id="1175" name="BoundarySystem_AttachedBallFollowsPaddleMovement" fullname="BoundarySystemIntegrationTests.BoundarySystem_AttachedBallFollowsPaddleMovement" methodname="BoundarySystem_AttachedBallFollowsPaddleMovement" classname="BoundarySystemIntegrationTests" runstate="Runnable" seed="1168135623" result="Passed" start-time="2025-09-05 06:28:24Z" end-time="2025-09-05 06:28:24Z" duration="0.000280" asserts="0">
          <properties>
            <property name="retryIteration" value="0" />
            <property name="repeatIteration" value="0" />
          </properties>
        </test-case>
        <test-case id="1168" name="BoundarySystem_BallEntersDeathZoneTriggersRespawn" fullname="BoundarySystemIntegrationTests.BoundarySystem_BallEntersDeathZoneTriggersRespawn" methodname="BoundarySystem_BallEntersDeathZoneTriggersRespawn" classname="BoundarySystemIntegrationTests" runstate="Runnable" seed="102433738" result="Passed" start-time="2025-09-05 06:28:24Z" end-time="2025-09-05 06:28:24Z" duration="0.000614" asserts="0">
          <properties>
            <property name="retryIteration" value="0" />
            <property name="repeatIteration" value="0" />
          </properties>
          <output><![CDATA[Game State: Playing
]]></output>
        </test-case>
        <test-case id="1167" name="BoundarySystem_BallHitsWallTriggersEvent" fullname="BoundarySystemIntegrationTests.BoundarySystem_BallHitsWallTriggersEvent" methodname="BoundarySystem_BallHitsWallTriggersEvent" classname="BoundarySystemIntegrationTests" runstate="Runnable" seed="660835686" result="Passed" start-time="2025-09-05 06:28:24Z" end-time="2025-09-05 06:28:24Z" duration="0.000186" asserts="0">
          <properties>
            <property name="retryIteration" value="0" />
            <property name="repeatIteration" value="0" />
          </properties>
        </test-case>
        <test-case id="1174" name="BoundarySystem_BallRespawnOnlyDuringPlayingState" fullname="BoundarySystemIntegrationTests.BoundarySystem_BallRespawnOnlyDuringPlayingState" methodname="BoundarySystem_BallRespawnOnlyDuringPlayingState" classname="BoundarySystemIntegrationTests" runstate="Runnable" seed="1163200946" result="Passed" start-time="2025-09-05 06:28:24Z" end-time="2025-09-05 06:28:24Z" duration="0.022733" asserts="0">
          <properties>
            <property name="_JOINTYPE" value="UnityCombinatorial" />
            <property name="retryIteration" value="0" />
            <property name="repeatIteration" value="0" />
          </properties>
          <output><![CDATA[Game State: Start
Game State: Game Over
Game State: Playing
]]></output>
        </test-case>
        <test-case id="1173" name="BoundarySystem_CompleteBallRespawnAndLaunchCycle" fullname="BoundarySystemIntegrationTests.BoundarySystem_CompleteBallRespawnAndLaunchCycle" methodname="BoundarySystem_CompleteBallRespawnAndLaunchCycle" classname="BoundarySystemIntegrationTests" runstate="Runnable" seed="1756406972" result="Passed" start-time="2025-09-05 06:28:24Z" end-time="2025-09-05 06:28:24Z" duration="0.013281" asserts="0">
          <properties>
            <property name="_JOINTYPE" value="UnityCombinatorial" />
            <property name="retryIteration" value="0" />
            <property name="repeatIteration" value="0" />
          </properties>
          <output><![CDATA[Game State: Playing
]]></output>
        </test-case>
        <test-case id="1172" name="BoundarySystem_CompleteBreakoutGameplayFlow" fullname="BoundarySystemIntegrationTests.BoundarySystem_CompleteBreakoutGameplayFlow" methodname="BoundarySystem_CompleteBreakoutGameplayFlow" classname="BoundarySystemIntegrationTests" runstate="Runnable" seed="1284244391" result="Passed" start-time="2025-09-05 06:28:24Z" end-time="2025-09-05 06:28:24Z" duration="0.001659" asserts="0">
          <properties>
            <property name="retryIteration" value="0" />
            <property name="repeatIteration" value="0" />
          </properties>
          <output><![CDATA[Game State: Playing
GameManager: LevelLifecycleManager not found - falling back to old ball spawning
Game State: Game Over
Game State: Start
GameManager: Cleaned up 0 ball(s) during timer expiration
]]></output>
        </test-case>
        <test-case id="1169" name="BoundarySystem_DeathZoneConnectsToGameManager" fullname="BoundarySystemIntegrationTests.BoundarySystem_DeathZoneConnectsToGameManager" methodname="BoundarySystem_DeathZoneConnectsToGameManager" classname="BoundarySystemIntegrationTests" runstate="Runnable" seed="1404735555" result="Passed" start-time="2025-09-05 06:28:24Z" end-time="2025-09-05 06:28:24Z" duration="0.000471" asserts="0">
          <properties>
            <property name="retryIteration" value="0" />
            <property name="repeatIteration" value="0" />
          </properties>
          <output><![CDATA[Game State: Playing
]]></output>
        </test-case>
        <test-case id="1170" name="BoundarySystem_GameCanBeResetAfterBallLoss" fullname="BoundarySystemIntegrationTests.BoundarySystem_GameCanBeResetAfterBallLoss" methodname="BoundarySystem_GameCanBeResetAfterBallLoss" classname="BoundarySystemIntegrationTests" runstate="Runnable" seed="754781261" result="Passed" start-time="2025-09-05 06:28:24Z" end-time="2025-09-05 06:28:24Z" duration="0.001311" asserts="0">
          <properties>
            <property name="retryIteration" value="0" />
            <property name="repeatIteration" value="0" />
          </properties>
          <output><![CDATA[Game State: Playing
Game State: Game Over
Game State: Start
GameManager: Cleaned up 0 ball(s) during timer expiration
]]></output>
        </test-case>
        <test-case id="1176" name="BoundarySystem_PaddleWallCollisionDetection" fullname="BoundarySystemIntegrationTests.BoundarySystem_PaddleWallCollisionDetection" methodname="BoundarySystem_PaddleWallCollisionDetection" classname="BoundarySystemIntegrationTests" runstate="Runnable" seed="1638219391" result="Passed" start-time="2025-09-05 06:28:24Z" end-time="2025-09-05 06:28:24Z" duration="0.000252" asserts="0">
          <properties>
            <property name="retryIteration" value="0" />
            <property name="repeatIteration" value="0" />
          </properties>
        </test-case>
        <test-case id="1171" name="BoundarySystem_WallsAndDeathZoneWorkWithDifferentWallTypes" fullname="BoundarySystemIntegrationTests.BoundarySystem_WallsAndDeathZoneWorkWithDifferentWallTypes" methodname="BoundarySystem_WallsAndDeathZoneWorkWithDifferentWallTypes" classname="BoundarySystemIntegrationTests" runstate="Runnable" seed="1717472178" result="Passed" start-time="2025-09-05 06:28:24Z" end-time="2025-09-05 06:28:24Z" duration="0.000241" asserts="0">
          <properties>
            <property name="retryIteration" value="0" />
            <property name="repeatIteration" value="0" />
          </properties>
        </test-case>
      </test-suite>
      <test-suite type="TestFixture" id="1077" name="DeathZoneTests" fullname="DeathZoneTests" classname="DeathZoneTests" runstate="Runnable" testcasecount="7" result="Passed" start-time="2025-09-05 06:28:24Z" end-time="2025-09-05 06:28:24Z" duration="0.006346" total="7" passed="7" failed="0" inconclusive="0" skipped="0" asserts="0">
        <properties />
        <test-case id="1080" name="DeathZone_CanDetectBallEntering" fullname="DeathZoneTests.DeathZone_CanDetectBallEntering" methodname="DeathZone_CanDetectBallEntering" classname="DeathZoneTests" runstate="Runnable" seed="1409733275" result="Passed" start-time="2025-09-05 06:28:24Z" end-time="2025-09-05 06:28:24Z" duration="0.000161" asserts="0">
          <properties>
            <property name="retryIteration" value="0" />
            <property name="repeatIteration" value="0" />
          </properties>
        </test-case>
        <test-case id="1079" name="DeathZone_ColliderIsTrigger" fullname="DeathZoneTests.DeathZone_ColliderIsTrigger" methodname="DeathZone_ColliderIsTrigger" classname="DeathZoneTests" runstate="Runnable" seed="1287669474" result="Passed" start-time="2025-09-05 06:28:24Z" end-time="2025-09-05 06:28:24Z" duration="0.000130" asserts="0">
          <properties>
            <property name="retryIteration" value="0" />
            <property name="repeatIteration" value="0" />
          </properties>
        </test-case>
        <test-case id="1083" name="DeathZone_DestroysBallOnEntry" fullname="DeathZoneTests.DeathZone_DestroysBallOnEntry" methodname="DeathZone_DestroysBallOnEntry" classname="DeathZoneTests" runstate="Runnable" seed="1612360104" result="Passed" start-time="2025-09-05 06:28:24Z" end-time="2025-09-05 06:28:24Z" duration="0.000143" asserts="0">
          <properties>
            <property name="retryIteration" value="0" />
            <property name="repeatIteration" value="0" />
          </properties>
        </test-case>
        <test-case id="1084" name="DeathZone_HandlesNullGameManagerGracefully" fullname="DeathZoneTests.DeathZone_HandlesNullGameManagerGracefully" methodname="DeathZone_HandlesNullGameManagerGracefully" classname="DeathZoneTests" runstate="Runnable" seed="1040838321" result="Passed" start-time="2025-09-05 06:28:24Z" end-time="2025-09-05 06:28:24Z" duration="0.000138" asserts="0">
          <properties>
            <property name="retryIteration" value="0" />
            <property name="repeatIteration" value="0" />
          </properties>
        </test-case>
        <test-case id="1078" name="DeathZone_HasRequiredComponents" fullname="DeathZoneTests.DeathZone_HasRequiredComponents" methodname="DeathZone_HasRequiredComponents" classname="DeathZoneTests" runstate="Runnable" seed="459748552" result="Passed" start-time="2025-09-05 06:28:24Z" end-time="2025-09-05 06:28:24Z" duration="0.000126" asserts="0">
          <properties>
            <property name="retryIteration" value="0" />
            <property name="repeatIteration" value="0" />
          </properties>
        </test-case>
        <test-case id="1081" name="DeathZone_OnlyDetectsBallObjects" fullname="DeathZoneTests.DeathZone_OnlyDetectsBallObjects" methodname="DeathZone_OnlyDetectsBallObjects" classname="DeathZoneTests" runstate="Runnable" seed="1658997746" result="Passed" start-time="2025-09-05 06:28:24Z" end-time="2025-09-05 06:28:24Z" duration="0.000132" asserts="0">
          <properties>
            <property name="retryIteration" value="0" />
            <property name="repeatIteration" value="0" />
          </properties>
        </test-case>
        <test-case id="1082" name="DeathZone_TriggersRespawnInPlayingState" fullname="DeathZoneTests.DeathZone_TriggersRespawnInPlayingState" methodname="DeathZone_TriggersRespawnInPlayingState" classname="DeathZoneTests" runstate="Runnable" seed="763952201" result="Passed" start-time="2025-09-05 06:28:24Z" end-time="2025-09-05 06:28:24Z" duration="0.000452" asserts="0">
          <properties>
            <property name="retryIteration" value="0" />
            <property name="repeatIteration" value="0" />
          </properties>
          <output><![CDATA[Game State: Playing
]]></output>
        </test-case>
      </test-suite>
      <test-suite type="TestFixture" id="1092" name="GameManagerTests" fullname="GameManagerTests" classname="GameManagerTests" runstate="Runnable" testcasecount="65" result="Passed" start-time="2025-09-05 06:28:24Z" end-time="2025-09-05 06:28:24Z" duration="0.097243" total="65" passed="65" failed="0" inconclusive="0" skipped="0" asserts="0">
        <properties />
        <test-case id="1094" name="GameManager_AddScoreIncreasesScore" fullname="GameManagerTests.GameManager_AddScoreIncreasesScore" methodname="GameManager_AddScoreIncreasesScore" classname="GameManagerTests" runstate="Runnable" seed="2026759794" result="Passed" start-time="2025-09-05 06:28:24Z" end-time="2025-09-05 06:28:24Z" duration="0.000270" asserts="0">
          <properties>
            <property name="retryIteration" value="0" />
            <property name="repeatIteration" value="0" />
          </properties>
        </test-case>
        <test-case id="1115" name="GameManager_AddScoreWithFractionalMultiplier_RoundsCorrectly" fullname="GameManagerTests.GameManager_AddScoreWithFractionalMultiplier_RoundsCorrectly" methodname="GameManager_AddScoreWithFractionalMultiplier_RoundsCorrectly" classname="GameManagerTests" runstate="Runnable" seed="1048253181" result="Passed" start-time="2025-09-05 06:28:24Z" end-time="2025-09-05 06:28:24Z" duration="0.000244" asserts="0">
          <properties>
            <property name="retryIteration" value="0" />
            <property name="repeatIteration" value="0" />
          </properties>
        </test-case>
        <test-case id="1114" name="GameManager_AddScoreWithMultiplier_AppliesCorrectly" fullname="GameManagerTests.GameManager_AddScoreWithMultiplier_AppliesCorrectly" methodname="GameManager_AddScoreWithMultiplier_AppliesCorrectly" classname="GameManagerTests" runstate="Runnable" seed="178852602" result="Passed" start-time="2025-09-05 06:28:24Z" end-time="2025-09-05 06:28:24Z" duration="0.000207" asserts="0">
          <properties>
            <property name="retryIteration" value="0" />
            <property name="repeatIteration" value="0" />
          </properties>
        </test-case>
        <test-case id="1116" name="GameManager_AddScoreWithZeroMultiplier_AddsNothing" fullname="GameManagerTests.GameManager_AddScoreWithZeroMultiplier_AddsNothing" methodname="GameManager_AddScoreWithZeroMultiplier_AddsNothing" classname="GameManagerTests" runstate="Runnable" seed="1988269529" result="Passed" start-time="2025-09-05 06:28:24Z" end-time="2025-09-05 06:28:24Z" duration="0.000203" asserts="0">
          <properties>
            <property name="retryIteration" value="0" />
            <property name="repeatIteration" value="0" />
          </properties>
        </test-case>
        <test-case id="1097" name="GameManager_BallLossFromPlayingStateTriggersRespawn" fullname="GameManagerTests.GameManager_BallLossFromPlayingStateTriggersRespawn" methodname="GameManager_BallLossFromPlayingStateTriggersRespawn" classname="GameManagerTests" runstate="Runnable" seed="1615350225" result="Passed" start-time="2025-09-05 06:28:24Z" end-time="2025-09-05 06:28:24Z" duration="0.000527" asserts="0">
          <properties>
            <property name="retryIteration" value="0" />
            <property name="repeatIteration" value="0" />
          </properties>
          <output><![CDATA[Game State: Playing
]]></output>
        </test-case>
        <test-case id="1098" name="GameManager_BallLossFromStartStateDoesNothing" fullname="GameManagerTests.GameManager_BallLossFromStartStateDoesNothing" methodname="GameManager_BallLossFromStartStateDoesNothing" classname="GameManagerTests" runstate="Runnable" seed="2127886120" result="Passed" start-time="2025-09-05 06:28:24Z" end-time="2025-09-05 06:28:24Z" duration="0.000498" asserts="0">
          <properties>
            <property name="retryIteration" value="0" />
            <property name="repeatIteration" value="0" />
          </properties>
          <output><![CDATA[Game State: Start
]]></output>
        </test-case>
        <test-case id="1096" name="GameManager_CanHandleBallLoss" fullname="GameManagerTests.GameManager_CanHandleBallLoss" methodname="GameManager_CanHandleBallLoss" classname="GameManagerTests" runstate="Runnable" seed="1999268987" result="Passed" start-time="2025-09-05 06:28:24Z" end-time="2025-09-05 06:28:24Z" duration="0.000508" asserts="0">
          <properties>
            <property name="retryIteration" value="0" />
            <property name="repeatIteration" value="0" />
          </properties>
          <output><![CDATA[Game State: Playing
]]></output>
        </test-case>
        <test-case id="1105" name="GameManager_CanRegisterPaddleForBallSpawning" fullname="GameManagerTests.GameManager_CanRegisterPaddleForBallSpawning" methodname="GameManager_CanRegisterPaddleForBallSpawning" classname="GameManagerTests" runstate="Runnable" seed="246096323" result="Passed" start-time="2025-09-05 06:28:24Z" end-time="2025-09-05 06:28:24Z" duration="0.000228" asserts="0">
          <properties>
            <property name="retryIteration" value="0" />
            <property name="repeatIteration" value="0" />
          </properties>
        </test-case>
        <test-case id="1099" name="GameManager_CanResetAfterGameOver" fullname="GameManagerTests.GameManager_CanResetAfterGameOver" methodname="GameManager_CanResetAfterGameOver" classname="GameManagerTests" runstate="Runnable" seed="789440024" result="Passed" start-time="2025-09-05 06:28:24Z" end-time="2025-09-05 06:28:24Z" duration="0.001011" asserts="0">
          <properties>
            <property name="retryIteration" value="0" />
            <property name="repeatIteration" value="0" />
          </properties>
          <output><![CDATA[Game State: Game Over
Game State: Start
GameManager: Cleaned up 0 ball(s) during timer expiration
]]></output>
        </test-case>
        <test-case id="1103" name="GameManager_CanSpawnBallAtPaddlePosition" fullname="GameManagerTests.GameManager_CanSpawnBallAtPaddlePosition" methodname="GameManager_CanSpawnBallAtPaddlePosition" classname="GameManagerTests" runstate="Runnable" seed="499196306" result="Passed" start-time="2025-09-05 06:28:24Z" end-time="2025-09-05 06:28:24Z" duration="0.000296" asserts="0">
          <properties>
            <property name="retryIteration" value="0" />
            <property name="repeatIteration" value="0" />
          </properties>
        </test-case>
        <test-case id="1125" name="GameManager_CheckLevelCompletion_ReturnsFalseWithRemainingBlocks" fullname="GameManagerTests.GameManager_CheckLevelCompletion_ReturnsFalseWithRemainingBlocks" methodname="GameManager_CheckLevelCompletion_ReturnsFalseWithRemainingBlocks" classname="GameManagerTests" runstate="Runnable" seed="1972931069" result="Passed" start-time="2025-09-05 06:28:24Z" end-time="2025-09-05 06:28:24Z" duration="0.000202" asserts="0">
          <properties>
            <property name="retryIteration" value="0" />
            <property name="repeatIteration" value="0" />
          </properties>
        </test-case>
        <test-case id="1126" name="GameManager_CheckLevelCompletion_ReturnsTrueWithNoBlocks" fullname="GameManagerTests.GameManager_CheckLevelCompletion_ReturnsTrueWithNoBlocks" methodname="GameManager_CheckLevelCompletion_ReturnsTrueWithNoBlocks" classname="GameManagerTests" runstate="Runnable" seed="56190323" result="Passed" start-time="2025-09-05 06:28:24Z" end-time="2025-09-05 06:28:24Z" duration="0.000198" asserts="0">
          <properties>
            <property name="retryIteration" value="0" />
            <property name="repeatIteration" value="0" />
          </properties>
        </test-case>
        <test-case id="1157" name="GameManager_CleanupAllBalls_DetachesFromPaddle" fullname="GameManagerTests.GameManager_CleanupAllBalls_DetachesFromPaddle" methodname="GameManager_CleanupAllBalls_DetachesFromPaddle" classname="GameManagerTests" runstate="Runnable" seed="546267993" result="Passed" start-time="2025-09-05 06:28:24Z" end-time="2025-09-05 06:28:24Z" duration="0.000824" asserts="0">
          <properties>
            <property name="retryIteration" value="0" />
            <property name="repeatIteration" value="0" />
          </properties>
          <output><![CDATA[GameManager: Detached ball from paddle during cleanup
GameManager: Cleaned up 1 ball(s) during timer expiration
]]></output>
        </test-case>
        <test-case id="1156" name="GameManager_CleanupAllBalls_RemovesAllBalls" fullname="GameManagerTests.GameManager_CleanupAllBalls_RemovesAllBalls" methodname="GameManager_CleanupAllBalls_RemovesAllBalls" classname="GameManagerTests" runstate="Runnable" seed="1750420351" result="Passed" start-time="2025-09-05 06:28:24Z" end-time="2025-09-05 06:28:24Z" duration="0.000562" asserts="0">
          <properties>
            <property name="retryIteration" value="0" />
            <property name="repeatIteration" value="0" />
          </properties>
          <output><![CDATA[GameManager: Cleaned up 2 ball(s) during timer expiration
]]></output>
        </test-case>
        <test-case id="1110" name="GameManager_ForceSpawnInitialBallWorksManually" fullname="GameManagerTests.GameManager_ForceSpawnInitialBallWorksManually" methodname="GameManager_ForceSpawnInitialBallWorksManually" classname="GameManagerTests" runstate="Runnable" seed="1029763178" result="Passed" start-time="2025-09-05 06:28:24Z" end-time="2025-09-05 06:28:24Z" duration="0.000285" asserts="0">
          <properties>
            <property name="retryIteration" value="0" />
            <property name="repeatIteration" value="0" />
          </properties>
        </test-case>
        <test-case id="1147" name="GameManager_FormatTime_HandlesMinutesAndSeconds" fullname="GameManagerTests.GameManager_FormatTime_HandlesMinutesAndSeconds" methodname="GameManager_FormatTime_HandlesMinutesAndSeconds" classname="GameManagerTests" runstate="Runnable" seed="507011887" result="Passed" start-time="2025-09-05 06:28:24Z" end-time="2025-09-05 06:28:24Z" duration="0.000211" asserts="0">
          <properties>
            <property name="retryIteration" value="0" />
            <property name="repeatIteration" value="0" />
          </properties>
        </test-case>
        <test-case id="1148" name="GameManager_FormatTime_HandlesNegativeTime" fullname="GameManagerTests.GameManager_FormatTime_HandlesNegativeTime" methodname="GameManager_FormatTime_HandlesNegativeTime" classname="GameManagerTests" runstate="Runnable" seed="997893084" result="Passed" start-time="2025-09-05 06:28:24Z" end-time="2025-09-05 06:28:24Z" duration="0.000209" asserts="0">
          <properties>
            <property name="retryIteration" value="0" />
            <property name="repeatIteration" value="0" />
          </properties>
        </test-case>
        <test-case id="1100" name="GameManager_GameOverTriggersEvent" fullname="GameManagerTests.GameManager_GameOverTriggersEvent" methodname="GameManager_GameOverTriggersEvent" classname="GameManagerTests" runstate="Runnable" seed="374150893" result="Passed" start-time="2025-09-05 06:28:24Z" end-time="2025-09-05 06:28:24Z" duration="0.000472" asserts="0">
          <properties>
            <property name="retryIteration" value="0" />
            <property name="repeatIteration" value="0" />
          </properties>
          <output><![CDATA[Game State: Game Over
]]></output>
        </test-case>
        <test-case id="1154" name="GameManager_GameStateChanged_EventTriggered" fullname="GameManagerTests.GameManager_GameStateChanged_EventTriggered" methodname="GameManager_GameStateChanged_EventTriggered" classname="GameManagerTests" runstate="Runnable" seed="1305342562" result="Passed" start-time="2025-09-05 06:28:24Z" end-time="2025-09-05 06:28:24Z" duration="0.000523" asserts="0">
          <properties>
            <property name="retryIteration" value="0" />
            <property name="repeatIteration" value="0" />
          </properties>
          <output><![CDATA[Game State: Playing
]]></output>
        </test-case>
        <test-case id="1136" name="GameManager_GetTimeRemaining_ReturnsTimeLimitWhenNotStarted" fullname="GameManagerTests.GameManager_GetTimeRemaining_ReturnsTimeLimitWhenNotStarted" methodname="GameManager_GetTimeRemaining_ReturnsTimeLimitWhenNotStarted" classname="GameManagerTests" runstate="Runnable" seed="1604189601" result="Passed" start-time="2025-09-05 06:28:24Z" end-time="2025-09-05 06:28:24Z" duration="0.000207" asserts="0">
          <properties>
            <property name="retryIteration" value="0" />
            <property name="repeatIteration" value="0" />
          </properties>
        </test-case>
        <test-case id="1106" name="GameManager_HasBallPrefabReference" fullname="GameManagerTests.GameManager_HasBallPrefabReference" methodname="GameManager_HasBallPrefabReference" classname="GameManagerTests" runstate="Runnable" seed="1258039987" result="Passed" start-time="2025-09-05 06:28:24Z" end-time="2025-09-05 06:28:24Z" duration="0.000217" asserts="0">
          <properties>
            <property name="retryIteration" value="0" />
            <property name="repeatIteration" value="0" />
          </properties>
        </test-case>
        <test-case id="1102" name="GameManager_HasConfigurableRespawnDelay" fullname="GameManagerTests.GameManager_HasConfigurableRespawnDelay" methodname="GameManager_HasConfigurableRespawnDelay" classname="GameManagerTests" runstate="Runnable" seed="14146631" result="Passed" start-time="2025-09-05 06:28:24Z" end-time="2025-09-05 06:28:24Z" duration="0.000234" asserts="0">
          <properties>
            <property name="retryIteration" value="0" />
            <property name="repeatIteration" value="0" />
          </properties>
        </test-case>
        <test-case id="1118" name="GameManager_HasDefaultBlockScore" fullname="GameManagerTests.GameManager_HasDefaultBlockScore" methodname="GameManager_HasDefaultBlockScore" classname="GameManagerTests" runstate="Runnable" seed="1193044069" result="Passed" start-time="2025-09-05 06:28:24Z" end-time="2025-09-05 06:28:24Z" duration="0.000199" asserts="0">
          <properties>
            <property name="retryIteration" value="0" />
            <property name="repeatIteration" value="0" />
          </properties>
        </test-case>
        <test-case id="1111" name="GameManager_HasDefaultScoreMultiplier" fullname="GameManagerTests.GameManager_HasDefaultScoreMultiplier" methodname="GameManager_HasDefaultScoreMultiplier" classname="GameManagerTests" runstate="Runnable" seed="883450800" result="Passed" start-time="2025-09-05 06:28:24Z" end-time="2025-09-05 06:28:24Z" duration="0.000195" asserts="0">
          <properties>
            <property name="retryIteration" value="0" />
            <property name="repeatIteration" value="0" />
          </properties>
        </test-case>
        <test-case id="1132" name="GameManager_HasDefaultTimeLimitConfiguration" fullname="GameManagerTests.GameManager_HasDefaultTimeLimitConfiguration" methodname="GameManager_HasDefaultTimeLimitConfiguration" classname="GameManagerTests" runstate="Runnable" seed="1452167702" result="Passed" start-time="2025-09-05 06:28:24Z" end-time="2025-09-05 06:28:24Z" duration="0.000196" asserts="0">
          <properties>
            <property name="retryIteration" value="0" />
            <property name="repeatIteration" value="0" />
          </properties>
        </test-case>
        <test-case id="1129" name="GameManager_HasLevelIntegrationMethods" fullname="GameManagerTests.GameManager_HasLevelIntegrationMethods" methodname="GameManager_HasLevelIntegrationMethods" classname="GameManagerTests" runstate="Runnable" seed="179129547" result="Passed" start-time="2025-09-05 06:28:24Z" end-time="2025-09-05 06:28:24Z" duration="0.000214" asserts="0">
          <properties>
            <property name="retryIteration" value="0" />
            <property name="repeatIteration" value="0" />
          </properties>
        </test-case>
        <test-case id="1124" name="GameManager_HasOnLevelCompletedEvent" fullname="GameManagerTests.GameManager_HasOnLevelCompletedEvent" methodname="GameManager_HasOnLevelCompletedEvent" classname="GameManagerTests" runstate="Runnable" seed="448497539" result="Passed" start-time="2025-09-05 06:28:24Z" end-time="2025-09-05 06:28:24Z" duration="0.000194" asserts="0">
          <properties>
            <property name="retryIteration" value="0" />
            <property name="repeatIteration" value="0" />
          </properties>
        </test-case>
        <test-case id="1153" name="GameManager_HasTimerEvents" fullname="GameManagerTests.GameManager_HasTimerEvents" methodname="GameManager_HasTimerEvents" classname="GameManagerTests" runstate="Runnable" seed="386444601" result="Passed" start-time="2025-09-05 06:28:24Z" end-time="2025-09-05 06:28:24Z" duration="0.000196" asserts="0">
          <properties>
            <property name="retryIteration" value="0" />
            <property name="repeatIteration" value="0" />
          </properties>
        </test-case>
[...]
        <properties />
        <test-case id="1183" name="TimerIntegration_BallRespawnDoesNotAffectTimer" fullname="TimerIntegrationTests.TimerIntegration_BallRespawnDoesNotAffectTimer" methodname="TimerIntegration_BallRespawnDoesNotAffectTimer" classname="TimerIntegrationTests" runstate="Runnable" seed="807830211" result="Passed" start-time="2025-09-05 06:28:25Z" end-time="2025-09-05 06:28:25Z" duration="0.001216" asserts="0">
          <properties>
            <property name="retryIteration" value="0" />
            <property name="repeatIteration" value="0" />
          </properties>
          <output><![CDATA[GameManager: Using level time limit of 30 seconds for Test Level
Game State: Playing
GameManager: LevelLifecycleManager not found - falling back to old ball spawning
]]></output>
        </test-case>
        <test-case id="1179" name="TimerIntegration_CountdownUpdatesUI" fullname="TimerIntegrationTests.TimerIntegration_CountdownUpdatesUI" methodname="TimerIntegration_CountdownUpdatesUI" classname="TimerIntegrationTests" runstate="Runnable" seed="1932554993" result="Passed" start-time="2025-09-05 06:28:25Z" end-time="2025-09-05 06:28:25Z" duration="0.001154" asserts="0">
          <properties>
            <property name="retryIteration" value="0" />
            <property name="repeatIteration" value="0" />
          </properties>
          <output><![CDATA[GameManager: Using level time limit of 60 seconds for Test Level
Game State: Playing
GameManager: LevelLifecycleManager not found - falling back to old ball spawning
]]></output>
        </test-case>
        <test-case id="1184" name="TimerIntegration_DifferentLevelTimeLimits" fullname="TimerIntegrationTests.TimerIntegration_DifferentLevelTimeLimits" methodname="TimerIntegration_DifferentLevelTimeLimits" classname="TimerIntegrationTests" runstate="Runnable" seed="586911298" result="Passed" start-time="2025-09-05 06:28:25Z" end-time="2025-09-05 06:28:25Z" duration="0.002603" asserts="0">
          <properties>
            <property name="retryIteration" value="0" />
            <property name="repeatIteration" value="0" />
          </properties>
          <output><![CDATA[GameManager: Using level time limit of 180 seconds for Test Level
Game State: Playing
GameManager: LevelLifecycleManager not found - falling back to old ball spawning
Game State: Start
GameManager: Cleaned up 1 ball(s) during timer expiration
GameManager: Using level time limit of 60 seconds for Test Level
Game State: Playing
GameManager: LevelLifecycleManager not found - falling back to old ball spawning
]]></output>
        </test-case>
        <test-case id="1186" name="TimerIntegration_EventChainVerification" fullname="TimerIntegrationTests.TimerIntegration_EventChainVerification" methodname="TimerIntegration_EventChainVerification" classname="TimerIntegrationTests" runstate="Runnable" seed="1373335548" result="Passed" start-time="2025-09-05 06:28:25Z" end-time="2025-09-05 06:28:25Z" duration="0.001111" asserts="0">
          <properties>
            <property name="retryIteration" value="0" />
            <property name="repeatIteration" value="0" />
          </properties>
          <output><![CDATA[GameManager: Using level time limit of 10 seconds for Test Level
Game State: Playing
GameManager: LevelLifecycleManager not found - falling back to old ball spawning
]]></output>
        </test-case>
        <test-case id="1187" name="TimerIntegration_ExpirationCleansUpAttachedBalls" fullname="TimerIntegrationTests.TimerIntegration_ExpirationCleansUpAttachedBalls" methodname="TimerIntegration_ExpirationCleansUpAttachedBalls" classname="TimerIntegrationTests" runstate="Runnable" seed="675951137" result="Passed" start-time="2025-09-05 06:28:25Z" end-time="2025-09-05 06:28:25Z" duration="0.003897" asserts="0">
          <properties>
            <property name="retryIteration" value="0" />
            <property name="repeatIteration" value="0" />
          </properties>
          <output><![CDATA[GameManager: Using level time limit of 2 seconds for Test Level
Game State: Playing
GameManager: LevelLifecycleManager not found - falling back to old ball spawning
GameManager: Detached ball from paddle during cleanup
GameManager: Cleaned up 1 ball(s) during timer expiration
Game State: Start
GameManager: Directly updating UI to show level selection
GameUIManager: Updating UI for state Start
GameUIManager: startPanel = null
GameUIManager: gameplayPanel = null
GameUIManager: Using separate panel logic
GameUIManager: Start panel is null!
GameManager: Timer expired - returning to level selection
]]></output>
        </test-case>
        <test-case id="1180" name="TimerIntegration_ExpirationHandling" fullname="TimerIntegrationTests.TimerIntegration_ExpirationHandling" methodname="TimerIntegration_ExpirationHandling" classname="TimerIntegrationTests" runstate="Runnable" seed="373576912" result="Passed" start-time="2025-09-05 06:28:25Z" end-time="2025-09-05 06:28:25Z" duration="0.003568" asserts="0">
          <properties>
            <property name="retryIteration" value="0" />
            <property name="repeatIteration" value="0" />
          </properties>
          <output><![CDATA[GameManager: Using level time limit of 5 seconds for Test Level
Game State: Playing
GameManager: LevelLifecycleManager not found - falling back to old ball spawning
GameManager: Cleaned up 0 ball(s) during timer expiration
Game State: Start
GameManager: Directly updating UI to show level selection
GameUIManager: Updating UI for state Start
GameUIManager: startPanel = null
GameUIManager: gameplayPanel = null
GameUIManager: Using separate panel logic
GameUIManager: Start panel is null!
GameManager: Timer expired - returning to level selection
]]></output>
        </test-case>
        <test-case id="1181" name="TimerIntegration_LevelCompletionStopsTimer" fullname="TimerIntegrationTests.TimerIntegration_LevelCompletionStopsTimer" methodname="TimerIntegration_LevelCompletionStopsTimer" classname="TimerIntegrationTests" runstate="Runnable" seed="661613186" result="Passed" start-time="2025-09-05 06:28:25Z" end-time="2025-09-05 06:28:25Z" duration="0.001353" asserts="0">
          <properties>
            <property name="retryIteration" value="0" />
            <property name="repeatIteration" value="0" />
          </properties>
          <output><![CDATA[GameManager: Using level time limit of 120 seconds for Test Level
Game State: Playing
GameManager: LevelLifecycleManager not found - falling back to old ball spawning
GameManager: Cleaned up 0 ball(s) during timer expiration
]]></output>
        </test-case>
        <test-case id="1178" name="TimerIntegration_LevelDataToGameManagerToUI" fullname="TimerIntegrationTests.TimerIntegration_LevelDataToGameManagerToUI" methodname="TimerIntegration_LevelDataToGameManagerToUI" classname="TimerIntegrationTests" runstate="Runnable" seed="58512176" result="Passed" start-time="2025-09-05 06:28:25Z" end-time="2025-09-05 06:28:25Z" duration="0.001083" asserts="0">
          <properties>
            <property name="retryIteration" value="0" />
            <property name="repeatIteration" value="0" />
          </properties>
          <output><![CDATA[GameManager: Using level time limit of 90 seconds for Test Level
Game State: Playing
GameManager: LevelLifecycleManager not found - falling back to old ball spawning
]]></output>
        </test-case>
        <test-case id="1182" name="TimerIntegration_MultipleGameCycles" fullname="TimerIntegrationTests.TimerIntegration_MultipleGameCycles" methodname="TimerIntegration_MultipleGameCycles" classname="TimerIntegrationTests" runstate="Runnable" seed="134856710" result="Passed" start-time="2025-09-05 06:28:25Z" end-time="2025-09-05 06:28:25Z" duration="0.002337" asserts="0">
          <properties>
            <property name="retryIteration" value="0" />
            <property name="repeatIteration" value="0" />
          </properties>
          <output><![CDATA[GameManager: Using level time limit of 60 seconds for Test Level
Game State: Playing
GameManager: LevelLifecycleManager not found - falling back to old ball spawning
Game State: Start
GameManager: Cleaned up 0 ball(s) during timer expiration
GameManager: Using level time limit of 45 seconds for Test Level
Game State: Playing
GameManager: LevelLifecycleManager not found - falling back to old ball spawning
]]></output>
        </test-case>
        <test-case id="1185" name="TimerIntegration_UIUpdatesInRealTime" fullname="TimerIntegrationTests.TimerIntegration_UIUpdatesInRealTime" methodname="TimerIntegration_UIUpdatesInRealTime" classname="TimerIntegrationTests" runstate="Runnable" seed="1521005359" result="Passed" start-time="2025-09-05 06:28:25Z" end-time="2025-09-05 06:28:25Z" duration="0.016228" asserts="0">
          <properties>
            <property name="_JOINTYPE" value="UnityCombinatorial" />
            <property name="retryIteration" value="0" />
            <property name="repeatIteration" value="0" />
          </properties>
          <output><![CDATA[GameManager: Using level time limit of 5 seconds for Test Level
Game State: Playing
GameManager: LevelLifecycleManager not found - falling back to old ball spawning
GameManager: Cleaned up 0 ball(s) during timer expiration
Game State: Start
GameManager: Directly updating UI to show level selection
GameUIManager: Updating UI for state Start
GameUIManager: startPanel = null
GameUIManager: gameplayPanel = null
GameUIManager: Using separate panel logic
GameUIManager: Start panel is null!
GameManager: Timer expired - returning to level selection
]]></output>
        </test-case>
      </test-suite>
      <test-suite type="TestFixture" id="1349" name="UpgradesUITests" fullname="UpgradesUITests" classname="UpgradesUITests" runstate="Runnable" testcasecount="9" result="Passed" start-time="2025-09-05 06:28:25Z" end-time="2025-09-05 06:28:25Z" duration="0.012357" total="9" passed="9" failed="0" inconclusive="0" skipped="0" asserts="0">
        <properties />
        <test-case id="1354" name="UpgradesUI_GetCanvasGroup_ReturnsCorrectComponent" fullname="UpgradesUITests.UpgradesUI_GetCanvasGroup_ReturnsCorrectComponent" methodname="UpgradesUI_GetCanvasGroup_ReturnsCorrectComponent" classname="UpgradesUITests" runstate="Runnable" seed="249395263" result="Passed" start-time="2025-09-05 06:28:25Z" end-time="2025-09-05 06:28:25Z" duration="0.000695" asserts="0">
          <properties>
            <property name="retryIteration" value="0" />
            <property name="repeatIteration" value="0" />
          </properties>
          <output><![CDATA[UpgradesUI: Initialized with placeholder content
]]></output>
        </test-case>
        <test-case id="1352" name="UpgradesUI_HideUpgrades_MakesInvisible" fullname="UpgradesUITests.UpgradesUI_HideUpgrades_MakesInvisible" methodname="UpgradesUI_HideUpgrades_MakesInvisible" classname="UpgradesUITests" runstate="Runnable" seed="1607266203" result="Passed" start-time="2025-09-05 06:28:25Z" end-time="2025-09-05 06:28:25Z" duration="0.001153" asserts="0">
          <properties>
            <property name="retryIteration" value="0" />
            <property name="repeatIteration" value="0" />
          </properties>
          <output><![CDATA[UpgradesUI: Initialized with placeholder content
UpgradesUI: Showing upgrades panel
UpgradesUI: Hiding upgrades panel
]]></output>
        </test-case>
        <test-case id="1356" name="UpgradesUI_Initialize_SetsPlaceholderContent" fullname="UpgradesUITests.UpgradesUI_Initialize_SetsPlaceholderContent" methodname="UpgradesUI_Initialize_SetsPlaceholderContent" classname="UpgradesUITests" runstate="Runnable" seed="406945390" result="Passed" start-time="2025-09-05 06:28:25Z" end-time="2025-09-05 06:28:25Z" duration="0.000610" asserts="0">
          <properties>
            <property name="retryIteration" value="0" />
            <property name="repeatIteration" value="0" />
          </properties>
          <output><![CDATA[UpgradesUI: Initialized with placeholder content
]]></output>
        </test-case>
        <test-case id="1357" name="UpgradesUI_Initialize_SetsPointsDisplay" fullname="UpgradesUITests.UpgradesUI_Initialize_SetsPointsDisplay" methodname="UpgradesUI_Initialize_SetsPointsDisplay" classname="UpgradesUITests" runstate="Runnable" seed="522879542" result="Passed" start-time="2025-09-05 06:28:25Z" end-time="2025-09-05 06:28:25Z" duration="0.000592" asserts="0">
          <properties>
            <property name="retryIteration" value="0" />
            <property name="repeatIteration" value="0" />
          </properties>
          <output><![CDATA[UpgradesUI: Initialized with placeholder content
]]></output>
        </test-case>
        <test-case id="1350" name="UpgradesUI_Initialize_SetsUpCorrectly" fullname="UpgradesUITests.UpgradesUI_Initialize_SetsUpCorrectly" methodname="UpgradesUI_Initialize_SetsUpCorrectly" classname="UpgradesUITests" runstate="Runnable" seed="1269464923" result="Passed" start-time="2025-09-05 06:28:25Z" end-time="2025-09-05 06:28:25Z" duration="0.000597" asserts="0">
          <properties>
            <property name="retryIteration" value="0" />
            <property name="repeatIteration" value="0" />
          </properties>
          <output><![CDATA[UpgradesUI: Initialized with placeholder content
]]></output>
        </test-case>
        <test-case id="1355" name="UpgradesUI_IsVisible_ReflectsCanvasGroupState" fullname="UpgradesUITests.UpgradesUI_IsVisible_ReflectsCanvasGroupState" methodname="UpgradesUI_IsVisible_ReflectsCanvasGroupState" classname="UpgradesUITests" runstate="Runnable" seed="650858800" result="Passed" start-time="2025-09-05 06:28:25Z" end-time="2025-09-05 06:28:25Z" duration="0.000594" asserts="0">
          <properties>
            <property name="retryIteration" value="0" />
            <property name="repeatIteration" value="0" />
          </properties>
          <output><![CDATA[UpgradesUI: Initialized with placeholder content
]]></output>
        </test-case>
        <test-case id="1358" name="UpgradesUI_SetupForTesting_UpdatesReferences" fullname="UpgradesUITests.UpgradesUI_SetupForTesting_UpdatesReferences" methodname="UpgradesUI_SetupForTesting_UpdatesReferences" classname="UpgradesUITests" runstate="Runnable" seed="664939823" result="Passed" start-time="2025-09-05 06:28:25Z" end-time="2025-09-05 06:28:25Z" duration="0.001471" asserts="0">
          <properties>
            <property name="retryIteration" value="0" />
            <property name="repeatIteration" value="0" />
          </properties>
          <output><![CDATA[UpgradesUI: Initialized with placeholder content
UpgradesUI: Showing upgrades panel
UpgradesUI: Hiding upgrades panel
]]></output>
        </test-case>
        <test-case id="1351" name="UpgradesUI_ShowUpgrades_MakesVisible" fullname="UpgradesUITests.UpgradesUI_ShowUpgrades_MakesVisible" methodname="UpgradesUI_ShowUpgrades_MakesVisible" classname="UpgradesUITests" runstate="Runnable" seed="312591832" result="Passed" start-time="2025-09-05 06:28:25Z" end-time="2025-09-05 06:28:25Z" duration="0.001128" asserts="0">
          <properties>
            <property name="retryIteration" value="0" />
            <property name="repeatIteration" value="0" />
          </properties>
          <output><![CDATA[UpgradesUI: Initialized with placeholder content
UpgradesUI: Hiding upgrades panel
UpgradesUI: Showing upgrades panel
]]></output>
        </test-case>
        <test-case id="1353" name="UpgradesUI_UpdatePlaceholderText_ChangesText" fullname="UpgradesUITests.UpgradesUI_UpdatePlaceholderText_ChangesText" methodname="UpgradesUI_UpdatePlaceholderText_ChangesText" classname="UpgradesUITests" runstate="Runnable" seed="1607264493" result="Passed" start-time="2025-09-05 06:28:25Z" end-time="2025-09-05 06:28:25Z" duration="0.000582" asserts="0">
          <properties>
            <property name="retryIteration" value="0" />
            <property name="repeatIteration" value="0" />
          </properties>
          <output><![CDATA[UpgradesUI: Initialized with placeholder content
]]></output>
        </test-case>
      </test-suite>
      <test-suite type="TestFixture" id="1085" name="WallTests" fullname="WallTests" classname="WallTests" runstate="Runnable" testcasecount="6" result="Passed" start-time="2025-09-05 06:28:25Z" end-time="2025-09-05 06:28:25Z" duration="0.005831" total="6" passed="6" failed="0" inconclusive="0" skipped="0" asserts="0">
        <properties />
        <test-case id="1091" name="Wall_CanBeInitializedWithDifferentTypes" fullname="WallTests.Wall_CanBeInitializedWithDifferentTypes" methodname="Wall_CanBeInitializedWithDifferentTypes" classname="WallTests" runstate="Runnable" seed="9948555" result="Passed" start-time="2025-09-05 06:28:25Z" end-time="2025-09-05 06:28:25Z" duration="0.000199" asserts="0">
          <properties>
            <property name="retryIteration" value="0" />
            <property name="repeatIteration" value="0" />
          </properties>
        </test-case>
        <test-case id="1088" name="Wall_CanSetWallType" fullname="WallTests.Wall_CanSetWallType" methodname="Wall_CanSetWallType" classname="WallTests" runstate="Runnable" seed="287620764" result="Passed" start-time="2025-09-05 06:28:25Z" end-time="2025-09-05 06:28:25Z" duration="0.000102" asserts="0">
          <properties>
            <property name="retryIteration" value="0" />
            <property name="repeatIteration" value="0" />
          </properties>
        </test-case>
        <test-case id="1087" name="Wall_ColliderIsNotTrigger" fullname="WallTests.Wall_ColliderIsNotTrigger" methodname="Wall_ColliderIsNotTrigger" classname="WallTests" runstate="Runnable" seed="1661935126" result="Passed" start-time="2025-09-05 06:28:25Z" end-time="2025-09-05 06:28:25Z" duration="0.000089" asserts="0">
          <properties>
            <property name="retryIteration" value="0" />
            <property name="repeatIteration" value="0" />
          </properties>
        </test-case>
        <test-case id="1089" name="Wall_DefaultTypeIsTop" fullname="WallTests.Wall_DefaultTypeIsTop" methodname="Wall_DefaultTypeIsTop" classname="WallTests" runstate="Runnable" seed="106483726" result="Passed" start-time="2025-09-05 06:28:25Z" end-time="2025-09-05 06:28:25Z" duration="0.000092" asserts="0">
          <properties>
            <property name="retryIteration" value="0" />
            <property name="repeatIteration" value="0" />
          </properties>
        </test-case>
        <test-case id="1086" name="Wall_HasRequiredComponents" fullname="WallTests.Wall_HasRequiredComponents" methodname="Wall_HasRequiredComponents" classname="WallTests" runstate="Runnable" seed="109773345" result="Passed" start-time="2025-09-05 06:28:25Z" end-time="2025-09-05 06:28:25Z" duration="0.000100" asserts="0">
          <properties>
            <property name="retryIteration" value="0" />
            <property name="repeatIteration" value="0" />
          </properties>
        </test-case>
        <test-case id="1090" name="Wall_OnCollisionEnterDoesNotThrow" fullname="WallTests.Wall_OnCollisionEnterDoesNotThrow" methodname="Wall_OnCollisionEnterDoesNotThrow" classname="WallTests" runstate="Runnable" seed="633215907" result="Passed" start-time="2025-09-05 06:28:25Z" end-time="2025-09-05 06:28:25Z" duration="0.000091" asserts="0">
          <properties>
            <property name="retryIteration" value="0" />
            <property name="repeatIteration" value="0" />
          </properties>
          <output><![CDATA[Saving results to: /home/fave/.config/unity3d/DefaultCompany/Arcade Ascension/TestResults.xml
]]></output>
        </test-case>
      </test-suite>
    </test-suite>
  </test-suite>
</test-run>